# JRE version: Java(TM) SE Runtime Environment (7.0_71-b14) (build 1.7.0_71-b14)
# Java VM: Java HotSpot(TM) Client VM (24.71-b01 mixed mode windows-x86 )
Heap
 par new generation   total 39296K, used 22827K [0x05000000, 0x07aa0000, 0x07aa0000)
  eden space 34944K,  60% used [0x05000000, 0x06488450, 0x07220000)
  from space 4352K,  41% used [0x07660000, 0x07822ab0, 0x07aa0000)
  to   space 4352K,   0% used [0x07220000, 0x07220000, 0x07660000)
 concurrent mark-sweep generation total 51900K, used 33389K [0x07aa0000, 0x0ad4f000, 0x0d000000)
 concurrent-mark-sweep perm gen total 65536K, used 50456K [0x0d000000, 0x11000000, 0x11000000)
GC Heap History (10 events):
Event: 948.549 GC heap before
{Heap before GC invocations=28 (full 60):
 par new generation   total 39296K, used 39296K [0x05000000, 0x07aa0000, 0x07aa0000)
  eden space 34944K, 100% used [0x05000000, 0x07220000, 0x07220000)
  from space 4352K, 100% used [0x07220000, 0x07660000, 0x07660000)
  to   space 4352K,   0% used [0x07660000, 0x07660000, 0x07aa0000)
 concurrent mark-sweep generation total 51144K, used 43527K [0x07aa0000, 0x0ac92000, 0x0d000000)
 concurrent-mark-sweep perm gen total 65536K, used 48671K [0x0d000000, 0x11000000, 0x11000000)
Event: 948.554 GC heap after
Heap after GC invocations=29 (full 60):
 par new generation   total 39296K, used 4351K [0x05000000, 0x07aa0000, 0x07aa0000)
  eden space 34944K,   0% used [0x05000000, 0x05000000, 0x07220000)
  from space 4352K,  99% used [0x07660000, 0x07a9fff8, 0x07aa0000)
  to   space 4352K,   0% used [0x07220000, 0x07220000, 0x07660000)
 concurrent mark-sweep generation total 51144K, used 44414K [0x07aa0000, 0x0ac92000, 0x0d000000)
 concurrent-mark-sweep perm gen total 65536K, used 48671K [0x0d000000, 0x11000000, 0x11000000)
}
Event: 950.942 GC heap before
{Heap before GC invocations=29 (full 60):
 par new generation   total 39296K, used 39295K [0x05000000, 0x07aa0000, 0x07aa0000)
  eden space 34944K, 100% used [0x05000000, 0x07220000, 0x07220000)
  from space 4352K,  99% used [0x07660000, 0x07a9fff8, 0x07aa0000)
  to   space 4352K,   0% used [0x07220000, 0x07220000, 0x07660000)
 concurrent mark-sweep generation total 51900K, used 31138K [0x07aa0000, 0x0ad4f000, 0x0d000000)
 concurrent-mark-sweep perm gen total 65536K, used 48671K [0x0d000000, 0x11000000, 0x11000000)
Event: 950.946 GC heap after
Heap after GC invocations=30 (full 60):
 par new generation   total 39296K, used 1472K [0x05000000, 0x07aa0000, 0x07aa0000)
  eden space 34944K,   0% used [0x05000000, 0x05000000, 0x07220000)
  from space 4352K,  33% used [0x07220000, 0x073903a8, 0x07660000)
  to   space 4352K,   0% used [0x07660000, 0x07660000, 0x07aa0000)
 concurrent mark-sweep generation total 51900K, used 31744K [0x07aa0000, 0x0ad4f000, 0x0d000000)
 concurrent-mark-sweep perm gen total 65536K, used 48671K [0x0d000000, 0x11000000, 0x11000000)
}
Event: 1130.147 GC heap before
{Heap before GC invocations=30 (full 60):
 par new generation   total 39296K, used 36416K [0x05000000, 0x07aa0000, 0x07aa0000)
  eden space 34944K, 100% used [0x05000000, 0x07220000, 0x07220000)
  from space 4352K,  33% used [0x07220000, 0x073903a8, 0x07660000)
  to   space 4352K,   0% used [0x07660000, 0x07660000, 0x07aa0000)
 concurrent mark-sweep generation total 51900K, used 31744K [0x07aa0000, 0x0ad4f000, 0x0d000000)
 concurrent-mark-sweep perm gen total 65536K, used 48791K [0x0d000000, 0x11000000, 0x11000000)
Event: 1130.152 GC heap after
Heap after GC invocations=31 (full 60):
 par new generation   total 39296K, used 1446K [0x05000000, 0x07aa0000, 0x07aa0000)
  eden space 34944K,   0% used [0x05000000, 0x05000000, 0x07220000)
  from space 4352K,  33% used [0x07660000, 0x077c98e0, 0x07aa0000)
  to   space 4352K,   0% used [0x07220000, 0x07220000, 0x07660000)
 concurrent mark-sweep generation total 51900K, used 31744K [0x07aa0000, 0x0ad4f000, 0x0d000000)
 concurrent-mark-sweep perm gen total 65536K, used 48791K [0x0d000000, 0x11000000, 0x11000000)
}
Event: 1130.620 GC heap before
{Heap before GC invocations=31 (full 60):
 par new generation   total 39296K, used 36387K [0x05000000, 0x07aa0000, 0x07aa0000)
  eden space 34944K,  99% used [0x05000000, 0x0721f680, 0x07220000)
  from space 4352K,  33% used [0x07660000, 0x077c98e0, 0x07aa0000)
  to   space 4352K,   0% used [0x07220000, 0x07220000, 0x07660000)
 concurrent mark-sweep generation total 51900K, used 31744K [0x07aa0000, 0x0ad4f000, 0x0d000000)
 concurrent-mark-sweep perm gen total 65536K, used 50005K [0x0d000000, 0x11000000, 0x11000000)
Event: 1130.623 GC heap after
Heap after GC invocations=32 (full 60):
 par new generation   total 39296K, used 3658K [0x05000000, 0x07aa0000, 0x07aa0000)
  eden space 34944K,   0% used [0x05000000, 0x05000000, 0x07220000)
  from space 4352K,  84% used [0x07220000, 0x075b2838, 0x07660000)
  to   space 4352K,   0% used [0x07660000, 0x07660000, 0x07aa0000)
 concurrent mark-sweep generation total 51900K, used 31744K [0x07aa0000, 0x0ad4f000, 0x0d000000)
 concurrent-mark-sweep perm gen total 65536K, used 50005K [0x0d000000, 0x11000000, 0x11000000)
}
Event: 1132.808 GC heap before
{Heap before GC invocations=32 (full 60):
 par new generation   total 39296K, used 38602K [0x05000000, 0x07aa0000, 0x07aa0000)
  eden space 34944K, 100% used [0x05000000, 0x07220000, 0x07220000)
  from space 4352K,  84% used [0x07220000, 0x075b2838, 0x07660000)
  to   space 4352K,   0% used [0x07660000, 0x07660000, 0x07aa0000)
 concurrent mark-sweep generation total 51900K, used 31744K [0x07aa0000, 0x0ad4f000, 0x0d000000)
 concurrent-mark-sweep perm gen total 65536K, used 50089K [0x0d000000, 0x11000000, 0x11000000)
Event: 1132.825 GC heap after
Heap after GC invocations=33 (full 60):
 par new generation   total 39296K, used 1802K [0x05000000, 0x07aa0000, 0x07aa0000)
  eden space 34944K,   0% used [0x05000000, 0x05000000, 0x07220000)
  from space 4352K,  41% used [0x07660000, 0x07822ab0, 0x07aa0000)
  to   space 4352K,   0% used [0x07220000, 0x07220000, 0x07660000)
 concurrent mark-sweep generation total 51900K, used 33389K [0x07aa0000, 0x0ad4f000, 0x0d000000)
 concurrent-mark-sweep perm gen total 65536K, used 50089K [0x0d000000, 0x11000000, 0x11000000)
}

